mode: set
github.com/akingundogdu/production-ready-go-backend-architecture/cmd/app/main.go:15.13,17.36 2 0
github.com/akingundogdu/production-ready-go-backend-architecture/cmd/app/main.go:17.36,19.3 1 0
github.com/akingundogdu/production-ready-go-backend-architecture/grifts/init.go:9.13,11.2 1 0
github.com/akingundogdu/production-ready-go-backend-architecture/locales/embed.go:13.17,15.2 1 0
github.com/akingundogdu/production-ready-go-backend-architecture/models/models.go:14.13,18.16 4 1
github.com/akingundogdu/production-ready-go-backend-architecture/models/models.go:18.16,20.3 1 0
github.com/akingundogdu/production-ready-go-backend-architecture/models/models.go:21.2,21.34 1 1
github.com/akingundogdu/production-ready-go-backend-architecture/models/user.go:38.31,57.2 3 1
github.com/akingundogdu/production-ready-go-backend-architecture/models/user.go:63.32,66.2 2 1
github.com/akingundogdu/production-ready-go-backend-architecture/models/user.go:69.51,71.16 2 1
github.com/akingundogdu/production-ready-go-backend-architecture/models/user.go:71.16,73.3 1 0
github.com/akingundogdu/production-ready-go-backend-architecture/models/user.go:74.2,75.12 2 1
github.com/akingundogdu/production-ready-go-backend-architecture/models/user.go:79.55,82.2 2 1
github.com/akingundogdu/production-ready-go-backend-architecture/models/user.go:85.31,87.2 1 1
github.com/akingundogdu/production-ready-go-backend-architecture/models/user.go:90.30,92.2 1 1
github.com/akingundogdu/production-ready-go-backend-architecture/models/user.go:95.55,97.22 1 1
github.com/akingundogdu/production-ready-go-backend-architecture/models/user.go:97.22,99.3 1 1
github.com/akingundogdu/production-ready-go-backend-architecture/models/user.go:101.2,101.12 1 0
github.com/akingundogdu/production-ready-go-backend-architecture/models/user.go:105.55,107.22 1 1
github.com/akingundogdu/production-ready-go-backend-architecture/models/user.go:107.22,109.3 1 1
github.com/akingundogdu/production-ready-go-backend-architecture/models/user.go:111.2,111.12 1 0
github.com/akingundogdu/production-ready-go-backend-architecture/models/user.go:115.71,121.18 3 1
github.com/akingundogdu/production-ready-go-backend-architecture/models/user.go:121.18,123.3 1 1
github.com/akingundogdu/production-ready-go-backend-architecture/models/user.go:125.2,134.63 2 1
github.com/akingundogdu/production-ready-go-backend-architecture/models/user.go:134.63,136.3 1 1
github.com/akingundogdu/production-ready-go-backend-architecture/models/user.go:139.2,140.38 2 1
github.com/akingundogdu/production-ready-go-backend-architecture/models/user.go:140.38,142.3 1 1
github.com/akingundogdu/production-ready-go-backend-architecture/models/user.go:144.2,144.20 1 1
github.com/akingundogdu/production-ready-go-backend-architecture/models/user.go:148.77,152.22 2 1
github.com/akingundogdu/production-ready-go-backend-architecture/models/user.go:152.22,154.3 1 1
github.com/akingundogdu/production-ready-go-backend-architecture/models/user.go:154.8,156.26 1 1
github.com/akingundogdu/production-ready-go-backend-architecture/models/user.go:156.26,158.4 1 1
github.com/akingundogdu/production-ready-go-backend-architecture/models/user.go:159.3,159.28 1 1
github.com/akingundogdu/production-ready-go-backend-architecture/models/user.go:159.28,161.4 1 1
github.com/akingundogdu/production-ready-go-backend-architecture/models/user.go:164.3,164.65 1 1
github.com/akingundogdu/production-ready-go-backend-architecture/models/user.go:164.65,166.4 1 1
github.com/akingundogdu/production-ready-go-backend-architecture/models/user.go:170.2,172.16 3 1
github.com/akingundogdu/production-ready-go-backend-architecture/models/user.go:172.16,174.3 1 1
github.com/akingundogdu/production-ready-go-backend-architecture/models/user.go:176.2,176.20 1 1
github.com/akingundogdu/production-ready-go-backend-architecture/models/user.go:180.77,184.22 2 1
github.com/akingundogdu/production-ready-go-backend-architecture/models/user.go:184.22,185.26 1 1
github.com/akingundogdu/production-ready-go-backend-architecture/models/user.go:185.26,187.4 1 0
github.com/akingundogdu/production-ready-go-backend-architecture/models/user.go:188.3,188.28 1 1
github.com/akingundogdu/production-ready-go-backend-architecture/models/user.go:188.28,190.4 1 0
github.com/akingundogdu/production-ready-go-backend-architecture/models/user.go:193.3,193.65 1 1
github.com/akingundogdu/production-ready-go-backend-architecture/models/user.go:193.65,195.4 1 0
github.com/akingundogdu/production-ready-go-backend-architecture/models/user.go:199.2,201.16 3 1
github.com/akingundogdu/production-ready-go-backend-architecture/models/user.go:201.16,203.3 1 0
github.com/akingundogdu/production-ready-go-backend-architecture/models/user.go:205.2,205.20 1 1
github.com/akingundogdu/production-ready-go-backend-architecture/actions/app.go:41.25,42.20 1 1
github.com/akingundogdu/production-ready-go-backend-architecture/actions/app.go:42.20,69.3 9 1
github.com/akingundogdu/production-ready-go-backend-architecture/actions/app.go:69.3,76.4 5 1
github.com/akingundogdu/production-ready-go-backend-architecture/actions/app.go:76.4,79.5 2 1
github.com/akingundogdu/production-ready-go-backend-architecture/actions/app.go:83.3,84.3 2 1
github.com/akingundogdu/production-ready-go-backend-architecture/actions/app.go:84.3,88.4 3 1
github.com/akingundogdu/production-ready-go-backend-architecture/actions/app.go:88.4,95.5 4 1
github.com/akingundogdu/production-ready-go-backend-architecture/actions/app.go:95.6,99.6 0 1
github.com/akingundogdu/production-ready-go-backend-architecture/actions/app.go:104.2,104.12 1 1
github.com/akingundogdu/production-ready-go-backend-architecture/actions/app.go:111.44,113.58 2 1
github.com/akingundogdu/production-ready-go-backend-architecture/actions/app.go:113.58,115.3 1 0
github.com/akingundogdu/production-ready-go-backend-architecture/actions/app.go:116.2,116.23 1 1
github.com/akingundogdu/production-ready-go-backend-architecture/actions/app.go:124.40,129.2 1 1
github.com/akingundogdu/production-ready-go-backend-architecture/actions/auth.go:51.64,70.16 6 1
github.com/akingundogdu/production-ready-go-backend-architecture/actions/auth.go:70.16,72.3 1 0
github.com/akingundogdu/production-ready-go-backend-architecture/actions/auth.go:74.2,74.41 1 1
github.com/akingundogdu/production-ready-go-backend-architecture/actions/auth.go:78.58,81.101 2 1
github.com/akingundogdu/production-ready-go-backend-architecture/actions/auth.go:81.101,83.3 1 1
github.com/akingundogdu/production-ready-go-backend-architecture/actions/auth.go:85.2,85.16 1 1
github.com/akingundogdu/production-ready-go-backend-architecture/actions/auth.go:85.16,87.3 1 1
github.com/akingundogdu/production-ready-go-backend-architecture/actions/auth.go:89.2,89.18 1 1
github.com/akingundogdu/production-ready-go-backend-architecture/actions/auth.go:89.18,91.3 1 0
github.com/akingundogdu/production-ready-go-backend-architecture/actions/auth.go:93.2,93.20 1 1
github.com/akingundogdu/production-ready-go-backend-architecture/actions/auth.go:98.47,100.37 2 1
github.com/akingundogdu/production-ready-go-backend-architecture/actions/auth.go:100.37,104.3 1 0
github.com/akingundogdu/production-ready-go-backend-architecture/actions/auth.go:107.2,107.41 1 1
github.com/akingundogdu/production-ready-go-backend-architecture/actions/auth.go:107.41,111.3 1 1
github.com/akingundogdu/production-ready-go-backend-architecture/actions/auth.go:114.2,124.16 3 1
github.com/akingundogdu/production-ready-go-backend-architecture/actions/auth.go:124.16,128.3 1 0
github.com/akingundogdu/production-ready-go-backend-architecture/actions/auth.go:130.2,130.20 1 1
github.com/akingundogdu/production-ready-go-backend-architecture/actions/auth.go:130.20,132.36 2 1
github.com/akingundogdu/production-ready-go-backend-architecture/actions/auth.go:132.36,134.4 1 1
github.com/akingundogdu/production-ready-go-backend-architecture/actions/auth.go:135.3,138.6 1 1
github.com/akingundogdu/production-ready-go-backend-architecture/actions/auth.go:142.2,143.16 2 1
github.com/akingundogdu/production-ready-go-backend-architecture/actions/auth.go:143.16,147.3 1 0
github.com/akingundogdu/production-ready-go-backend-architecture/actions/auth.go:150.2,156.55 2 1
github.com/akingundogdu/production-ready-go-backend-architecture/actions/auth.go:161.44,163.37 2 1
github.com/akingundogdu/production-ready-go-backend-architecture/actions/auth.go:163.37,167.3 1 0
github.com/akingundogdu/production-ready-go-backend-architecture/actions/auth.go:170.2,172.16 3 1
github.com/akingundogdu/production-ready-go-backend-architecture/actions/auth.go:172.16,176.3 1 1
github.com/akingundogdu/production-ready-go-backend-architecture/actions/auth.go:179.2,179.42 1 0
github.com/akingundogdu/production-ready-go-backend-architecture/actions/auth.go:179.42,183.3 1 0
github.com/akingundogdu/production-ready-go-backend-architecture/actions/auth.go:186.2,187.16 2 0
github.com/akingundogdu/production-ready-go-backend-architecture/actions/auth.go:187.16,191.3 1 0
github.com/akingundogdu/production-ready-go-backend-architecture/actions/auth.go:194.2,200.50 2 0
github.com/akingundogdu/production-ready-go-backend-architecture/actions/auth.go:205.41,207.17 2 0
github.com/akingundogdu/production-ready-go-backend-architecture/actions/auth.go:207.17,211.3 1 0
github.com/akingundogdu/production-ready-go-backend-architecture/actions/auth.go:213.2,213.46 1 0
github.com/akingundogdu/production-ready-go-backend-architecture/actions/auth.go:217.59,218.39 1 1
github.com/akingundogdu/production-ready-go-backend-architecture/actions/auth.go:218.39,221.23 2 1
github.com/akingundogdu/production-ready-go-backend-architecture/actions/auth.go:221.23,225.4 1 1
github.com/akingundogdu/production-ready-go-backend-architecture/actions/auth.go:228.3,229.56 2 1
github.com/akingundogdu/production-ready-go-backend-architecture/actions/auth.go:229.56,233.4 1 1
github.com/akingundogdu/production-ready-go-backend-architecture/actions/auth.go:236.3,237.17 2 1
github.com/akingundogdu/production-ready-go-backend-architecture/actions/auth.go:237.17,241.4 1 1
github.com/akingundogdu/production-ready-go-backend-architecture/actions/auth.go:244.3,245.17 2 1
github.com/akingundogdu/production-ready-go-backend-architecture/actions/auth.go:245.17,249.4 1 0
github.com/akingundogdu/production-ready-go-backend-architecture/actions/auth.go:251.3,253.17 3 1
github.com/akingundogdu/production-ready-go-backend-architecture/actions/auth.go:253.17,257.4 1 1
github.com/akingundogdu/production-ready-go-backend-architecture/actions/auth.go:260.3,263.17 3 0
github.com/akingundogdu/production-ready-go-backend-architecture/actions/auth.go:268.60,269.39 1 0
github.com/akingundogdu/production-ready-go-backend-architecture/actions/auth.go:269.39,271.18 2 0
github.com/akingundogdu/production-ready-go-backend-architecture/actions/auth.go:271.18,275.4 1 0
github.com/akingundogdu/production-ready-go-backend-architecture/actions/auth.go:277.3,278.36 2 0
github.com/akingundogdu/production-ready-go-backend-architecture/actions/auth.go:278.36,282.4 1 0
github.com/akingundogdu/production-ready-go-backend-architecture/actions/auth.go:284.3,284.17 1 0
github.com/akingundogdu/production-ready-go-backend-architecture/actions/auth.go:290.51,292.17 2 0
github.com/akingundogdu/production-ready-go-backend-architecture/actions/auth.go:292.17,296.3 1 0
github.com/akingundogdu/production-ready-go-backend-architecture/actions/auth.go:298.2,299.9 2 0
github.com/akingundogdu/production-ready-go-backend-architecture/actions/auth.go:299.9,303.3 1 0
github.com/akingundogdu/production-ready-go-backend-architecture/actions/auth.go:306.2,307.16 2 0
github.com/akingundogdu/production-ready-go-backend-architecture/actions/auth.go:307.16,311.3 1 0
github.com/akingundogdu/production-ready-go-backend-architecture/actions/auth.go:314.2,320.50 2 0
github.com/akingundogdu/production-ready-go-backend-architecture/actions/health.go:35.45,58.2 3 1
github.com/akingundogdu/production-ready-go-backend-architecture/actions/health.go:62.47,67.2 1 1
github.com/akingundogdu/production-ready-go-backend-architecture/actions/health.go:70.49,77.47 2 1
github.com/akingundogdu/production-ready-go-backend-architecture/actions/health.go:77.47,80.3 2 1
github.com/akingundogdu/production-ready-go-backend-architecture/actions/health.go:87.2,87.23 1 1
github.com/akingundogdu/production-ready-go-backend-architecture/actions/health.go:92.48,99.12 4 1
github.com/akingundogdu/production-ready-go-backend-architecture/actions/health.go:99.12,102.3 2 1
github.com/akingundogdu/production-ready-go-backend-architecture/actions/health.go:104.2,108.5 1 1
github.com/akingundogdu/production-ready-go-backend-architecture/actions/render.go:9.13,13.2 1 1
